<?xml version="1.0" encoding="UTF-8"?>
<!-- Generated by org.testng.reporters.JUnitXMLReporter -->
<testsuite ignored="2" hostname="DESKTOP-AI2SO9A" failures="0" tests="1" name="EditProfileTests" time="69.569" errors="0" timestamp="13 Jul 2022 01:53:20 GMT">
  <testcase classname="org.iit.mmp.patientmodule.tests.EditProfileTests" name="validateEditCity" time="29.855"/>
  <testcase classname="org.iit.mmp.patientmodule.tests.EditProfileTests" name="validateEditAllFields" time="0.0">
    <ignored/>
  </testcase> <!-- validateEditAllFields -->
  <testcase classname="org.iit.mmp.patientmodule.tests.EditProfileTests" name="validateRandomFields" time="0.0">
    <ignored/>
  </testcase> <!-- validateRandomFields -->
</testsuite> <!-- EditProfileTests -->
