<?xml version="1.0" encoding="UTF-8"?>
<!-- Generated by org.testng.reporters.JUnitXMLReporter -->
<testsuite ignored="0" hostname="DESKTOP-AI2SO9A" failures="1" tests="1" name="ViewMessagesE2ETests" time="39.617" errors="0" timestamp="13 Jul 2022 01:52:51 GMT">
  <testcase classname="org.iit.mmp.adminmodule.tests.ViewMessagesE2ETests" name="validateE2EMessagesTest" time="0.0">
    <failure type="org.testng.TestNGException" message="
Parameter &amp;apos;reason&amp;apos; is required by @Test on method validateE2EMessagesTest but has not been marked @Optional or defined
in C:\Users\sudhe\git\EliteNew\mmp\testngRegSuite.xml">
      <![CDATA[org.testng.TestNGException: 
Parameter 'reason' is required by @Test on method validateE2EMessagesTest but has not been marked @Optional or defined
in C:\Users\sudhe\git\EliteNew\mmp\testngRegSuite.xml
at org.testng.internal.Parameters.createParams(Parameters.java:290)
at org.testng.internal.Parameters.createParametersForMethod(Parameters.java:359)
at org.testng.internal.Parameters.createParameters(Parameters.java:620)
at org.testng.internal.Parameters.handleParameters(Parameters.java:769)
at org.testng.internal.ParameterHandler.handleParameters(ParameterHandler.java:49)
at org.testng.internal.ParameterHandler.createParameters(ParameterHandler.java:37)
at org.testng.internal.Invoker.invokeTestMethods(Invoker.java:924)
at org.testng.internal.TestMethodWorker.invokeTestMethods(TestMethodWorker.java:125)
at org.testng.internal.TestMethodWorker.run(TestMethodWorker.java:109)
at org.testng.TestRunner.privateRun(TestRunner.java:648)
at org.testng.TestRunner.run(TestRunner.java:505)
at org.testng.SuiteRunner.runTest(SuiteRunner.java:455)
at org.testng.SuiteRunner.access$000(SuiteRunner.java:40)
at org.testng.SuiteRunner$SuiteWorker.run(SuiteRunner.java:489)
at org.testng.internal.thread.ThreadUtil$1.call(ThreadUtil.java:52)
at java.base/java.util.concurrent.FutureTask.run(FutureTask.java:264)
at java.base/java.util.concurrent.ThreadPoolExecutor.runWorker(ThreadPoolExecutor.java:1130)
at java.base/java.util.concurrent.ThreadPoolExecutor$Worker.run(ThreadPoolExecutor.java:630)
at java.base/java.lang.Thread.run(Thread.java:831)
]]>
    </failure>
  </testcase> <!-- validateE2EMessagesTest -->
</testsuite> <!-- ViewMessagesE2ETests -->
